<?xml version="1.0" encoding="UTF-8"?>
<testng-results ignored="0" total="2" passed="2" failed="0" skipped="0">
  <reporter-output>
  </reporter-output>
  <suite started-at="2021-08-02T12:19:19 EEST" name="Conduit tests" finished-at="2021-08-02T12:19:36 EEST" duration-ms="17658">
    <groups>
    </groups>
    <test started-at="2021-08-02T12:19:19 EEST" name="Tags" finished-at="2021-08-02T12:19:36 EEST" duration-ms="17658">
      <class name="Tests.TagsSuite">
        <test-method is-config="true" signature="startTest()[pri:0, instance:Tests.TagsSuite@4784013e]" started-at="2021-08-02T12:19:19 EEST" name="startTest" finished-at="2021-08-02T12:19:23 EEST" duration-ms="4293" status="PASS">
          <reporter-output>
          </reporter-output>
        </test-method> <!-- startTest -->
        <test-method signature="checkTagFilteringArticlePage()[pri:0, instance:Tests.TagsSuite@4784013e]" started-at="2021-08-02T12:19:23 EEST" name="checkTagFilteringArticlePage" finished-at="2021-08-02T12:19:27 EEST" duration-ms="4056" status="PASS">
          <reporter-output>
          </reporter-output>
        </test-method> <!-- checkTagFilteringArticlePage -->
        <test-method is-config="true" signature="finishTest()[pri:0, instance:Tests.TagsSuite@4784013e]" started-at="2021-08-02T12:19:27 EEST" name="finishTest" finished-at="2021-08-02T12:19:29 EEST" duration-ms="1481" status="PASS">
          <reporter-output>
          </reporter-output>
        </test-method> <!-- finishTest -->
        <test-method is-config="true" signature="startTest()[pri:0, instance:Tests.TagsSuite@4784013e]" started-at="2021-08-02T12:19:29 EEST" name="startTest" finished-at="2021-08-02T12:19:31 EEST" duration-ms="2622" status="PASS">
          <reporter-output>
          </reporter-output>
        </test-method> <!-- startTest -->
        <test-method signature="checkTagFilteringArticlesList()[pri:0, instance:Tests.TagsSuite@4784013e]" started-at="2021-08-02T12:19:31 EEST" name="checkTagFilteringArticlesList" finished-at="2021-08-02T12:19:35 EEST" duration-ms="3682" status="PASS">
          <reporter-output>
          </reporter-output>
        </test-method> <!-- checkTagFilteringArticlesList -->
        <test-method is-config="true" signature="finishTest()[pri:0, instance:Tests.TagsSuite@4784013e]" started-at="2021-08-02T12:19:35 EEST" name="finishTest" finished-at="2021-08-02T12:19:36 EEST" duration-ms="1327" status="PASS">
          <reporter-output>
          </reporter-output>
        </test-method> <!-- finishTest -->
      </class> <!-- Tests.TagsSuite -->
    </test> <!-- Tags -->
  </suite> <!-- Conduit tests -->
</testng-results>
