<?xml version="1.0" encoding="UTF-8"?>
<testsuite xmlns:xsi="http://www.w3.org/2001/XMLSchema-instance" xsi:noNamespaceSchemaLocation="https://maven.apache.org/surefire/maven-surefire-plugin/xsd/surefire-test-report.xsd" name="TestSuite" time="19.123" tests="2" errors="0" skipped="0" failures="0">
  <properties>
[...]
</properties>
  <testcase name="checkTagFilteringArticlePage" classname="Tests.TagsSuite" time="4.056"/>
  <testcase name="checkTagFilteringArticlesList" classname="Tests.TagsSuite" time="3.682"/>
</testsuite>